<?xml version="1.0" encoding="UTF-8"?>
<project xsi:schemaLocation="http://maven.apache.org/POM/4.0.0 https://maven.apache.org/xsd/maven-4.0.0.xsd" xmlns="http://maven.apache.org/POM/4.0.0"
    xmlns:xsi="http://www.w3.org/2001/XMLSchema-instance">
  <modelVersion>4.0.0</modelVersion>
  <build>
    <plugins>
      <plugin>
        <groupId>org.springframework.boot</groupId>
        <artifactId>spring-boot-maven-plugin</artifactId>
      </plugin>
      <plugin>
        <groupId>io.fabric8</groupId>
        <artifactId>docker-maven-plugin</artifactId>
        <version>0.14.2</version>
        <configuration>
          <images>
            <image>
              <name>${docker.image}</name>
              <build>
                <from>anapsix/alpine-java:8</from>
                <volumes>
                  <volume>/tmp</volume>
                </volumes>
                <entryPoint>
                  <exec>
                    <arg>java</arg>
                    <arg>-jar</arg>
                    <arg>/maven/demo.jar</arg>
                  </exec>
                </entryPoint>
                <assembly>
                  <descriptor>assembly.xml</descriptor>
                </assembly>
              </build>
            </image>
          </images>
        </configuration>
      </plugin>
    </plugins>
  </build>
  <properties>
    <docker.image>${project.artifactId}-app</docker.image>
  </properties>
</project>
